<?xml version="1.0" encoding="UTF-8"?>
<testsuite name="Cucumber" time="25.353" tests="1" skipped="0" failures="1" errors="0">
<testcase classname="US002_TechproEducation_Testi_Hooks" name="TC01_TechproEducation_Sayfasi_Testi" time="24.812">
<failure type="java.lang.AssertionError">
<![CDATA[java.lang.AssertionError
	at org.junit.Assert.fail(Assert.java:87)
	at org.junit.Assert.assertTrue(Assert.java:42)
	at org.junit.Assert.assertTrue(Assert.java:53)
	at techproed.stepDefinitions.TechproStepDefinition.sayfa_basliginin__icerdigini_test_eder(TechproStepDefinition.java:63)
	at âœ½.sayfa_basliginin_"QA"_icerdigini_test_eder(file:///C:/Users/CASPER/IdeaProjects/B129Cucumber/src/test/resources/features/day34_DataTables_Hooks/US002_Hooks.feature:9)
]]>
</failure>
<system-out><![CDATA[
Given kullanici_"techproed_Url"_sayfasina_gider.............................passed
And cikan_reklam_kapatilir..................................................passed
And kullanici 2 saniye bekler...............................................passed
And searchboxda_"developer"_aratir..........................................passed
And kullanici 3 saniye bekler...............................................passed
And sayfa_basliginin_"QA"_icerdigini_test_eder..............................failed
When kullanici_tum_sayfanin_resmini_alir....................................skipped
And sayfayi_kapatir.........................................................skipped
]]></system-out>
</testcase>
</testsuite>
